[16:36:12] [Client thread/INFO]: Setting user: Player854
[16:36:12] [Client thread/INFO]: (Session ID is token:0:Player854)
[16:36:13] [Client thread/INFO]: LWJGL Version: 2.9.2
[16:36:14] [Client thread/INFO]: Reloading ResourceManager: Default
[16:36:14] [Client thread/ERROR]: Couldn't initialize twitch stream
[16:36:14] [Sound Library Loader/INFO]: Starting up SoundSystem...
[16:36:15] [Thread-6/INFO]: Initializing LWJGL OpenAL
[16:36:15] [Thread-6/INFO]: (The LWJGL binding of OpenAL.  For more information, see http://www.lwjgl.org)
[16:36:15] [Thread-6/ERROR]: Error in class 'LibraryLWJGLOpenAL'
[16:36:15] [Thread-6/ERROR]: Unable to initialize OpenAL.  Probable cause: OpenAL not supported.
[16:36:15] [Thread-6/WARN]: ERROR MESSAGE:
[16:36:15] [Thread-6/INFO]: Could not locate OpenAL library.
[16:36:15] [Thread-6/WARN]: STACK TRACE:
[16:36:15] [Thread-6/INFO]: org.lwjgl.openal.AL.create(AL.java:151)
[16:36:15] [Thread-6/INFO]: org.lwjgl.openal.AL.create(AL.java:102)
[16:36:15] [Thread-6/INFO]: org.lwjgl.openal.AL.create(AL.java:201)
[16:36:15] [Thread-6/INFO]: paulscode.sound.libraries.LibraryLWJGLOpenAL.init(LibraryLWJGLOpenAL.java:164)
[16:36:15] [Thread-6/INFO]: paulscode.sound.SoundSystem.CommandNewLibrary(SoundSystem.java:1576)
[16:36:15] [Thread-6/INFO]: paulscode.sound.SoundSystem.CommandQueue(SoundSystem.java:2572)
[16:36:15] [Thread-6/INFO]: paulscode.sound.CommandThread.run(CommandThread.java:121)
[16:36:15] [Sound Library Loader/WARN]: ERROR MESSAGE:
[16:36:15] [Sound Library Loader/INFO]: Could not locate OpenAL library.
[16:36:15] [Sound Library Loader/INFO]: Starting up SoundSystem...
[16:36:16] [Thread-8/INFO]: Switching to No Sound
[16:36:16] [Thread-8/INFO]: (Silent Mode)
[16:36:16] [Sound Library Loader/INFO]: Sound engine started
[16:36:17] [Client thread/INFO]: Created: 512x512 textures-atlas
[16:36:47] [Server thread/INFO]: Starting integrated minecraft server version 1.8.9
[16:36:47] [Server thread/INFO]: Generating keypair
[16:36:47] [Server thread/INFO]: Preparing start region for level 0
[16:36:48] [Server thread/INFO]: Changing view distance to 12, from 10
[16:36:48] [Server thread/INFO]: Player854[local:E:218feb58] logged in with entity id 213 at (561.4426501019038, 73.24880181066706, 226.86326755376277)
[16:36:48] [Server thread/INFO]: Player854 joined the game
[16:37:17] [Server thread/INFO]: [Player854: Set own game mode to Survival Mode]
[16:37:17] [Client thread/INFO]: [CHAT] Your game mode has been updated
[16:38:07] [Server thread/INFO]: Player854 has just earned the achievement [Taking Inventory]
[16:38:07] [Client thread/INFO]: [CHAT] Player854 has just earned the achievement [Taking Inventory]
[16:38:15] [Client thread/INFO]: Stopping!
[16:38:15] [Client thread/INFO]: SoundSystem shutting down...
[16:38:15] [Server thread/INFO]: Stopping server
[16:38:15] [Server thread/INFO]: Saving players
[16:38:15] [Server thread/INFO]: Saving worlds
[16:38:15] [Server thread/INFO]: Saving chunks for level 'mcpworld'/Overworld
[16:38:15] [Server thread/INFO]: Saving chunks for level 'mcpworld'/Nether
[16:38:15] [Server thread/INFO]: Saving chunks for level 'mcpworld'/The End
[16:38:15] [Client thread/WARN]: Author: Paul Lamb, www.paulscode.com
